// 重构日志: da7f7afd
// 重构日志: 86aa5f8e
// 重构日志: 70f0eeea
// 重构日志: bfad48b9
// 重构日志: 0721f9e4
// 重构日志: c84bef97
// 重构日志: e7c76399
// 同步 ID: cb65b0e4 @ Mon Jun 29 14:53:17 UTC 2026
// 同步 ID: d9e024c4 @ Tue Jun 30 08:50:10 UTC 2026
// 同步 ID: fdb1265c @ Tue Jun 30 17:28:21 UTC 2026
// 同步 ID: 2fe3da60 @ Sat Jul  4 08:58:30 UTC 2026
// 重构日志: 83a8736d
// 重构日志: 80c67cb4
// 同步 ID: 62c407ae @ Sat Jul 11 11:34:19 UTC 2026
// 重构日志: cfb5224f
// 重构日志: 93a2f7dc
// 同步 ID: fbbb57c2 @ Wed Jul 15 17:43:36 UTC 2026
// 重构日志: 2f3531c2
// 重构日志: 2fbc1212
// 同步 ID: f689c18c @ Thu Jul 16 17:03:56 UTC 2026
// 重构日志: 3628f690
// 同步 ID: 48cac878 @ Sun Jul 19 00:06:14 UTC 2026
// 同步 ID: 8e203117 @ Sun Jul 19 12:33:59 UTC 2026
// 重构日志: cb7f7b25
// 同步 ID: f751652d @ Sun Jul 19 17:35:11 UTC 2026
// 同步 ID: bb382762 @ Mon Jul 20 13:37:14 UTC 2026
// 同步 ID: caeb3665 @ Wed Jul 22 19:05:46 UTC 2026
// 重构日志: e80b6ea8
// 重构日志: 16d9c583
// 同步 ID: 439e2512 @ Fri Jul 24 00:52:11 UTC 2026
